Kandidaattiprojekti/Snowledge/mobile_app/build/app/intermediates/manifest_merge_blame_file/debug/manifest-merger-blame-debug-report.txt
1<?xml version="1.0" encoding="utf-8"?>
2<manifest xmlns:android="http://schemas.android.com/apk/res/android"
3    package="com.example.webview_in_flutter"
4    android:versionCode="1"
5    android:versionName="1.0.0" >
6
7    <uses-sdk
8        android:minSdkVersion="20"
9        android:targetSdkVersion="30" />
10    <!--
11         Flutter needs it to communicate with the running application
12         to allow setting breakpoints, to provide hot reload, etc.
13    -->
14    <uses-permission android:name="android.permission.INTERNET" />
14-->src/main/AndroidManifest.xml:4:5-67
14-->src/main/AndroidManifest.xml:4:22-64
15    <uses-permission android:name="android.permission.QUERY_ALL_PACKAGES" />
15-->src/main/AndroidManifest.xml:3:5-77
15-->src/main/AndroidManifest.xml:3:22-74
16    <uses-permission android:name="android.permission.CHANGE_WIFI_MULTICAST_STATE" />
16-->src/main/AndroidManifest.xml:5:5-86
16-->src/main/AndroidManifest.xml:5:22-83
17    <uses-permission android:name="android.permission.ACCESS_FINE_LOCATION" />
17-->src/main/AndroidManifest.xml:6:5-79
17-->src/main/AndroidManifest.xml:6:22-76
18    <uses-permission android:name="android.permission.FOREGROUND_SERVICE" />
18-->src/main/AndroidManifest.xml:7:5-77
18-->src/main/AndroidManifest.xml:7:22-74
19    <uses-permission android:name="android.permission.ACCESS_BACKGROUND_LOCATION" />
19-->src/main/AndroidManifest.xml:8:5-84
19-->src/main/AndroidManifest.xml:8:22-82
20
21    <queries>
21-->src/main/AndroidManifest.xml:9:5-15:15
22
23        <!-- If your app opens https URLs -->
24        <intent>
24-->src/main/AndroidManifest.xml:11:9-14:18
25            <action android:name="android.intent.action.VIEW" />
25-->src/main/AndroidManifest.xml:12:13-65
25-->src/main/AndroidManifest.xml:12:21-62
26
27            <data android:scheme="https" />
27-->src/main/AndroidManifest.xml:13:13-44
27-->src/main/AndroidManifest.xml:13:19-41
28        </intent>
29    </queries>
30
31    <uses-permission android:name="android.permission.RECEIVE_BOOT_COMPLETED" />
31-->[:flutter_local_notifications] AndroidManifest.xml:7:5-81
31-->[:flutter_local_notifications] AndroidManifest.xml:7:22-78
32    <uses-permission android:name="android.permission.VIBRATE" />
32-->[:flutter_local_notifications] AndroidManifest.xml:8:5-66
32-->[:flutter_local_notifications] AndroidManifest.xml:8:22-63
33    <uses-permission android:name="android.permission.USE_FULL_SCREEN_INTENT" />
33-->[:flutter_local_notifications] AndroidManifest.xml:9:5-81
33-->[:flutter_local_notifications] AndroidManifest.xml:9:22-78
34    <uses-permission android:name="android.permission.SCHEDULE_EXACT_ALARM" />
34-->[:flutter_local_notifications] AndroidManifest.xml:10:5-79
34-->[:flutter_local_notifications] AndroidManifest.xml:10:22-76
35    <uses-permission android:name="android.permission.ACCESS_COARSE_LOCATION" />
35-->[:location] AndroidManifest.xml:7:5-81
35-->[:location] AndroidManifest.xml:7:22-78
36
37    <application
38        android:name="android.app.Application"
39        android:appComponentFactory="androidx.core.app.CoreComponentFactory"
39-->[androidx.core:core:1.6.0] AndroidManifest.xml:24:18-86
40        android:debuggable="true"
41        android:icon="@mipmap/ic_launcher"
42        android:label="mobile_app" >
43        <activity
44            android:name="com.example.mobile_app.MainActivity"
45            android:configChanges="orientation|keyboardHidden|keyboard|screenSize|smallestScreenSize|locale|layoutDirection|fontScale|screenLayout|density|uiMode"
46            android:exported="true"
47            android:hardwareAccelerated="true"
48            android:launchMode="singleTop"
49            android:theme="@style/LaunchTheme"
50            android:windowSoftInputMode="adjustResize" >
51
52            <!--
53                 Specifies an Android theme to apply to this Activity as soon as
54                 the Android process has started. This theme is visible to the user
55                 while the Flutter UI initializes. After that, this theme continues
56                 to determine the Window background behind the Flutter UI.
57            -->
58            <meta-data
59                android:name="io.flutter.embedding.android.NormalTheme"
60                android:resource="@style/NormalTheme" />
61
62            <intent-filter>
63                <action android:name="android.intent.action.MAIN" />
64
65                <category android:name="android.intent.category.LAUNCHER" />
66            </intent-filter>
67        </activity>
68        <!--
69             Don't delete the meta-data below.
70             This is used by the Flutter tool to generate GeneratedPluginRegistrant.java
71        -->
72        <meta-data
73            android:name="flutterEmbedding"
74            android:value="2" />
75
76        <receiver
76-->[:flutter_local_notifications] AndroidManifest.xml:13:9-15:40
77            android:name="com.dexterous.flutterlocalnotifications.ScheduledNotificationReceiver"
77-->[:flutter_local_notifications] AndroidManifest.xml:14:13-97
78            android:exported="false" />
78-->[:flutter_local_notifications] AndroidManifest.xml:15:13-37
79        <receiver
79-->[:flutter_local_notifications] AndroidManifest.xml:16:9-25:20
80            android:name="com.dexterous.flutterlocalnotifications.ScheduledNotificationBootReceiver"
80-->[:flutter_local_notifications] AndroidManifest.xml:17:13-101
81            android:exported="false" >
81-->[:flutter_local_notifications] AndroidManifest.xml:18:13-37
82            <intent-filter>
82-->[:flutter_local_notifications] AndroidManifest.xml:19:13-24:29
83                <action android:name="android.intent.action.BOOT_COMPLETED" />
83-->[:flutter_local_notifications] AndroidManifest.xml:20:17-79
83-->[:flutter_local_notifications] AndroidManifest.xml:20:25-76
84                <action android:name="android.intent.action.MY_PACKAGE_REPLACED" />
84-->[:flutter_local_notifications] AndroidManifest.xml:21:17-84
84-->[:flutter_local_notifications] AndroidManifest.xml:21:25-81
85                <action android:name="android.intent.action.QUICKBOOT_POWERON" />
85-->[:flutter_local_notifications] AndroidManifest.xml:22:17-82
85-->[:flutter_local_notifications] AndroidManifest.xml:22:25-79
86                <action android:name="com.htc.intent.action.QUICKBOOT_POWERON" />
86-->[:flutter_local_notifications] AndroidManifest.xml:23:17-82
86-->[:flutter_local_notifications] AndroidManifest.xml:23:25-79
87            </intent-filter>
88        </receiver>
89
90        <activity
90-->[:url_launcher_android] AndroidManifest.xml:8:9-11:74
91            android:name="io.flutter.plugins.urllauncher.WebViewActivity"
91-->[:url_launcher_android] AndroidManifest.xml:9:13-74
92            android:exported="false"
92-->[:url_launcher_android] AndroidManifest.xml:10:13-37
93            android:theme="@android:style/Theme.NoTitleBar.Fullscreen" />
93-->[:url_launcher_android] AndroidManifest.xml:11:13-71
94
95        <service
95-->[:location] AndroidManifest.xml:11:9-15:56
96            android:name="com.lyokone.location.FlutterLocationService"
96-->[:location] AndroidManifest.xml:12:13-71
97            android:enabled="true"
97-->[:location] AndroidManifest.xml:13:13-35
98            android:exported="false"
98-->[:location] AndroidManifest.xml:14:13-37
99            android:foregroundServiceType="location" />
99-->[:location] AndroidManifest.xml:15:13-53
100
101        <uses-library
101-->[androidx.window:window:1.0.0-beta04] AndroidManifest.xml:25:9-27:40
102            android:name="androidx.window.extensions"
102-->[androidx.window:window:1.0.0-beta04] AndroidManifest.xml:26:13-54
103            android:required="false" />
103-->[androidx.window:window:1.0.0-beta04] AndroidManifest.xml:27:13-37
104        <uses-library
104-->[androidx.window:window:1.0.0-beta04] AndroidManifest.xml:28:9-30:40
105            android:name="androidx.window.sidecar"
105-->[androidx.window:window:1.0.0-beta04] AndroidManifest.xml:29:13-51
106            android:required="false" />
106-->[androidx.window:window:1.0.0-beta04] AndroidManifest.xml:30:13-37
107
108        <activity
108-->[com.google.android.gms:play-services-base:16.0.1] AndroidManifest.xml:23:9-26:75
109            android:name="com.google.android.gms.common.api.GoogleApiActivity"
109-->[com.google.android.gms:play-services-base:16.0.1] AndroidManifest.xml:24:13-79
110            android:exported="false"
110-->[com.google.android.gms:play-services-base:16.0.1] AndroidManifest.xml:25:13-37
111            android:theme="@android:style/Theme.Translucent.NoTitleBar" />
111-->[com.google.android.gms:play-services-base:16.0.1] AndroidManifest.xml:26:13-72
112
113        <meta-data
113-->[com.google.android.gms:play-services-basement:16.0.1] AndroidManifest.xml:23:9-25:69
114            android:name="com.google.android.gms.version"
114-->[com.google.android.gms:play-services-basement:16.0.1] AndroidManifest.xml:24:13-58
115            android:value="@integer/google_play_services_version" />
115-->[com.google.android.gms:play-services-basement:16.0.1] AndroidManifest.xml:25:13-66
116    </application>
117
118</manifest>